<?xml version="1.0" encoding="UTF-8"?>
<!-- Generated by org.testng.reporters.JUnitReportReporter -->
<testsuite skipped="0" hostname="GLB-L2390" name="session1.Test1" tests="10" failures="0" timestamp="18 oct 2017 00:00:01 GMT" time="0.073" errors="0">
  <testcase name="Test2" time="0.010" classname="session1.Test1"/>
  <testcase name="Test1" time="0.000" classname="session1.Test1"/>
  <testcase name="Test1" time="0.000" classname="session1.Test1"/>
  <testcase name="Test4" time="0.000" classname="session1.Test1"/>
  <testcase name="Test2" time="0.000" classname="session1.Test1"/>
  <testcase name="Test3" time="0.042" classname="session1.Test1"/>
  <testcase name="Test1" time="0.010" classname="session1.Test1"/>
  <testcase name="Test2" time="0.001" classname="session1.Test1"/>
  <testcase name="Test4" time="0.010" classname="session1.Test1"/>
  <testcase name="Test2" time="0.000" classname="session1.Test1"/>
</testsuite> <!-- session1.Test1 -->
