<?xml version="1.0" encoding="UTF-8"?>
<!-- Generated by org.testng.reporters.JUnitReportReporter -->
<testsuite skipped="0" hostname="GLB-L2390" name="session1.Test1" tests="10" failures="0" timestamp="18 oct 2017 17:03:16 GMT" time="0.085" errors="0">
  <testcase name="Test2" time="0.004" classname="session1.Test1"/>
  <testcase name="Test1" time="0.004" classname="session1.Test1"/>
  <testcase name="Test1" time="0.004" classname="session1.Test1"/>
  <testcase name="Test4" time="0.003" classname="session1.Test1"/>
  <testcase name="Test2" time="0.003" classname="session1.Test1"/>
  <testcase name="Test3" time="0.039" classname="session1.Test1"/>
  <testcase name="Test1" time="0.016" classname="session1.Test1"/>
  <testcase name="Test2" time="0.004" classname="session1.Test1"/>
  <testcase name="Test4" time="0.003" classname="session1.Test1"/>
  <testcase name="Test2" time="0.005" classname="session1.Test1"/>
</testsuite> <!-- session1.Test1 -->
